c:\users\csteinmeier.ad\desktop\ttmm sose16\ttmm\pluginmusic\debug\vc120.pdb
c:\users\csteinmeier.ad\desktop\ttmm sose16\ttmm\pluginmusic\debug\vc120.idb
c:\users\csteinmeier.ad\desktop\ttmm sose16\ttmm\pluginmusic\debug\timetools.obj
c:\users\csteinmeier.ad\desktop\ttmm sose16\ttmm\pluginmusic\debug\ipcconnection.obj
c:\users\csteinmeier.ad\desktop\ttmm sose16\ttmm\pluginmusic\debug\generalpluginprocessor.obj
c:\users\csteinmeier.ad\desktop\ttmm sose16\ttmm\pluginmusic\debug\filewriter.obj
c:\users\csteinmeier.ad\desktop\ttmm sose16\ttmm\pluginmusic\debug\dataexchange.pb.obj
c:\users\csteinmeier.ad\desktop\ttmm sose16\ttmm\pluginmusic\debug\juce_gui_extra.obj
c:\users\csteinmeier.ad\desktop\ttmm sose16\ttmm\pluginmusic\debug\juce_gui_basics.obj
c:\users\csteinmeier.ad\desktop\ttmm sose16\ttmm\pluginmusic\debug\juce_graphics.obj
c:\users\csteinmeier.ad\desktop\ttmm sose16\ttmm\pluginmusic\debug\juce_events.obj
c:\users\csteinmeier.ad\desktop\ttmm sose16\ttmm\pluginmusic\debug\juce_data_structures.obj
c:\users\csteinmeier.ad\desktop\ttmm sose16\ttmm\pluginmusic\debug\juce_core.obj
c:\users\csteinmeier.ad\desktop\ttmm sose16\ttmm\pluginmusic\debug\juce_audio_utils.obj
c:\users\csteinmeier.ad\desktop\ttmm sose16\ttmm\pluginmusic\debug\juce_audio_processors.obj
c:\users\csteinmeier.ad\desktop\ttmm sose16\ttmm\pluginmusic\debug\juce_vst_wrapper.obj
c:\users\csteinmeier.ad\desktop\ttmm sose16\ttmm\pluginmusic\debug\juce_vst3_wrapper.obj
c:\users\csteinmeier.ad\desktop\ttmm sose16\ttmm\pluginmusic\debug\juce_pluginutilities.obj
c:\users\csteinmeier.ad\desktop\ttmm sose16\ttmm\pluginmusic\debug\juce_aax_wrapper.obj
c:\users\csteinmeier.ad\desktop\ttmm sose16\ttmm\pluginmusic\debug\juce_audio_formats.obj
c:\users\csteinmeier.ad\desktop\ttmm sose16\ttmm\pluginmusic\debug\juce_audio_devices.obj
c:\users\csteinmeier.ad\desktop\ttmm sose16\ttmm\pluginmusic\debug\juce_audio_basics.obj
c:\users\csteinmeier.ad\desktop\ttmm sose16\ttmm\pluginmusic\debug\musicplugineditor.obj
c:\users\csteinmeier.ad\desktop\ttmm sose16\ttmm\pluginmusic\debug\midireader.obj
c:\users\csteinmeier.ad\desktop\ttmm sose16\ttmm\pluginmusic\debug\midihandler.obj
c:\users\csteinmeier.ad\desktop\ttmm sose16\ttmm\pluginmusic\debug\listdisplay.obj
c:\users\csteinmeier.ad\desktop\ttmm sose16\ttmm\pluginmusic\debug\dynamiccomposition.obj
c:\users\csteinmeier.ad\desktop\ttmm sose16\ttmm\pluginmusic\debug\track.obj
c:\users\csteinmeier.ad\desktop\ttmm sose16\ttmm\pluginmusic\debug\stroke.obj
c:\users\csteinmeier.ad\desktop\ttmm sose16\ttmm\pluginmusic\debug\song.obj
c:\users\csteinmeier.ad\desktop\ttmm sose16\ttmm\pluginmusic\debug\node.obj
c:\users\csteinmeier.ad\desktop\ttmm sose16\ttmm\pluginmusic\debug\channel.obj
c:\users\csteinmeier.ad\desktop\ttmm sose16\ttmm\pluginmusic\debug\juce_rtas_wrapper.obj
c:\users\csteinmeier.ad\desktop\ttmm sose16\ttmm\pluginmusic\debug\juce_rtas_winutilities.obj
c:\users\csteinmeier.ad\desktop\ttmm sose16\ttmm\pluginmusic\debug\juce_rtas_digicode3.obj
c:\users\csteinmeier.ad\desktop\ttmm sose16\ttmm\pluginmusic\debug\juce_rtas_digicode2.obj
c:\users\csteinmeier.ad\desktop\ttmm sose16\ttmm\pluginmusic\debug\juce_rtas_digicode1.obj
c:\users\csteinmeier.ad\desktop\ttmm sose16\ttmm\debug\pluginmusic.ilk
c:\users\csteinmeier.ad\desktop\ttmm sose16\ttmm\debug\pluginmusic.dll
c:\users\csteinmeier.ad\desktop\ttmm sose16\ttmm\debug\pluginmusic.pdb
c:\users\csteinmeier.ad\desktop\ttmm sose16\ttmm\debug\pluginmusic.lib
c:\users\csteinmeier.ad\desktop\ttmm sose16\ttmm\debug\pluginmusic.exp
c:\users\csteinmeier.ad\desktop\ttmm sose16\ttmm\pluginmusic\debug\resources.res
c:\users\csteinmeier.ad\desktop\ttmm sose16\ttmm\pluginmusic\debug\pluginmusic.tlog\cl.command.1.tlog
c:\users\csteinmeier.ad\desktop\ttmm sose16\ttmm\pluginmusic\debug\pluginmusic.tlog\cl.read.1.tlog
c:\users\csteinmeier.ad\desktop\ttmm sose16\ttmm\pluginmusic\debug\pluginmusic.tlog\cl.write.1.tlog
c:\users\csteinmeier.ad\desktop\ttmm sose16\ttmm\pluginmusic\debug\pluginmusic.tlog\link.command.1.tlog
c:\users\csteinmeier.ad\desktop\ttmm sose16\ttmm\pluginmusic\debug\pluginmusic.tlog\link.read.1.tlog
c:\users\csteinmeier.ad\desktop\ttmm sose16\ttmm\pluginmusic\debug\pluginmusic.tlog\link.write.1.tlog
c:\users\csteinmeier.ad\desktop\ttmm sose16\ttmm\pluginmusic\debug\pluginmusic.tlog\pluginmusic.write.1u.tlog
c:\users\csteinmeier.ad\desktop\ttmm sose16\ttmm\pluginmusic\debug\pluginmusic.tlog\rc.command.1.tlog
c:\users\csteinmeier.ad\desktop\ttmm sose16\ttmm\pluginmusic\debug\pluginmusic.tlog\rc.read.1.tlog
c:\users\csteinmeier.ad\desktop\ttmm sose16\ttmm\pluginmusic\debug\pluginmusic.tlog\rc.write.1.tlog
