c:\users\csteinmeier.ad\desktop\ttmm sose16\ttmm\plugindrum\debug\vc120.pdb
c:\users\csteinmeier.ad\desktop\ttmm sose16\ttmm\plugindrum\debug\vc120.idb
c:\users\csteinmeier.ad\desktop\ttmm sose16\ttmm\plugindrum\debug\drumdevice.obj
c:\users\csteinmeier.ad\desktop\ttmm sose16\ttmm\plugindrum\debug\timetools.obj
c:\users\csteinmeier.ad\desktop\ttmm sose16\ttmm\plugindrum\debug\ipcconnection.obj
c:\users\csteinmeier.ad\desktop\ttmm sose16\ttmm\plugindrum\debug\generalpluginprocessor.obj
c:\users\csteinmeier.ad\desktop\ttmm sose16\ttmm\plugindrum\debug\filewriter.obj
c:\users\csteinmeier.ad\desktop\ttmm sose16\ttmm\plugindrum\debug\dataexchange.pb.obj
c:\users\csteinmeier.ad\desktop\ttmm sose16\ttmm\plugindrum\debug\juce_gui_extra.obj
c:\users\csteinmeier.ad\desktop\ttmm sose16\ttmm\plugindrum\debug\juce_gui_basics.obj
c:\users\csteinmeier.ad\desktop\ttmm sose16\ttmm\plugindrum\debug\juce_graphics.obj
c:\users\csteinmeier.ad\desktop\ttmm sose16\ttmm\plugindrum\debug\juce_events.obj
c:\users\csteinmeier.ad\desktop\ttmm sose16\ttmm\plugindrum\debug\juce_data_structures.obj
c:\users\csteinmeier.ad\desktop\ttmm sose16\ttmm\plugindrum\debug\juce_core.obj
c:\users\csteinmeier.ad\desktop\ttmm sose16\ttmm\plugindrum\debug\juce_audio_processors.obj
c:\users\csteinmeier.ad\desktop\ttmm sose16\ttmm\plugindrum\debug\juce_vst_wrapper.obj
c:\users\csteinmeier.ad\desktop\ttmm sose16\ttmm\plugindrum\debug\juce_vst3_wrapper.obj
c:\users\csteinmeier.ad\desktop\ttmm sose16\ttmm\plugindrum\debug\juce_pluginutilities.obj
c:\users\csteinmeier.ad\desktop\ttmm sose16\ttmm\plugindrum\debug\juce_aax_wrapper.obj
c:\users\csteinmeier.ad\desktop\ttmm sose16\ttmm\plugindrum\debug\juce_audio_formats.obj
c:\users\csteinmeier.ad\desktop\ttmm sose16\ttmm\plugindrum\debug\juce_audio_devices.obj
c:\users\csteinmeier.ad\desktop\ttmm sose16\ttmm\plugindrum\debug\juce_audio_basics.obj
c:\users\csteinmeier.ad\desktop\ttmm sose16\ttmm\plugindrum\debug\drumplugineditor.obj
c:\users\csteinmeier.ad\desktop\ttmm sose16\ttmm\plugindrum\debug\drummusician.obj
c:\users\csteinmeier.ad\desktop\ttmm sose16\ttmm\plugindrum\debug\druminputpluginprocessor.obj
c:\users\csteinmeier.ad\desktop\ttmm sose16\ttmm\plugindrum\debug\drummidievent.obj
c:\users\csteinmeier.ad\desktop\ttmm sose16\ttmm\plugindrum\debug\juce_rtas_wrapper.obj
c:\users\csteinmeier.ad\desktop\ttmm sose16\ttmm\plugindrum\debug\juce_rtas_winutilities.obj
c:\users\csteinmeier.ad\desktop\ttmm sose16\ttmm\plugindrum\debug\juce_rtas_digicode3.obj
c:\users\csteinmeier.ad\desktop\ttmm sose16\ttmm\plugindrum\debug\juce_rtas_digicode2.obj
c:\users\csteinmeier.ad\desktop\ttmm sose16\ttmm\plugindrum\debug\juce_rtas_digicode1.obj
c:\users\csteinmeier.ad\desktop\ttmm sose16\ttmm\debug\plugindrum.ilk
c:\users\csteinmeier.ad\desktop\ttmm sose16\ttmm\debug\plugindrum.dll
c:\users\csteinmeier.ad\desktop\ttmm sose16\ttmm\debug\plugindrum.pdb
c:\users\csteinmeier.ad\desktop\ttmm sose16\ttmm\debug\plugindrum.lib
c:\users\csteinmeier.ad\desktop\ttmm sose16\ttmm\debug\plugindrum.exp
c:\users\csteinmeier.ad\desktop\ttmm sose16\ttmm\plugindrum\debug\resources.res
c:\users\csteinmeier.ad\desktop\ttmm sose16\ttmm\plugindrum\debug\plugindrum.tlog\cl.command.1.tlog
c:\users\csteinmeier.ad\desktop\ttmm sose16\ttmm\plugindrum\debug\plugindrum.tlog\cl.read.1.tlog
c:\users\csteinmeier.ad\desktop\ttmm sose16\ttmm\plugindrum\debug\plugindrum.tlog\cl.write.1.tlog
c:\users\csteinmeier.ad\desktop\ttmm sose16\ttmm\plugindrum\debug\plugindrum.tlog\link.command.1.tlog
c:\users\csteinmeier.ad\desktop\ttmm sose16\ttmm\plugindrum\debug\plugindrum.tlog\link.read.1.tlog
c:\users\csteinmeier.ad\desktop\ttmm sose16\ttmm\plugindrum\debug\plugindrum.tlog\link.write.1.tlog
c:\users\csteinmeier.ad\desktop\ttmm sose16\ttmm\plugindrum\debug\plugindrum.tlog\plugindrum.write.1u.tlog
c:\users\csteinmeier.ad\desktop\ttmm sose16\ttmm\plugindrum\debug\plugindrum.tlog\rc.command.1.tlog
c:\users\csteinmeier.ad\desktop\ttmm sose16\ttmm\plugindrum\debug\plugindrum.tlog\rc.read.1.tlog
c:\users\csteinmeier.ad\desktop\ttmm sose16\ttmm\plugindrum\debug\plugindrum.tlog\rc.write.1.tlog
